{"C:\\Users\\Thomas\\repos\\serverless-schema-registry\\graphql-gateway\\gateway.ts": {"path":"C:\\Users\\Thomas\\repos\\serverless-schema-registry\\graphql-gateway\\gateway.ts","statementMap":{"0":{"start":{"line":1,"column":0},"end":{"line":1,"column":50}},"1":{"start":{"line":2,"column":0},"end":{"line":2,"column":34}},"2":{"start":{"line":3,"column":0},"end":{"line":3,"column":30}},"3":{"start":{"line":4,"column":0},"end":{"line":4,"column":39}},"4":{"start":{"line":6,"column":0},"end":{"line":6,"column":75}},"5":{"start":{"line":8,"column":47},"end":{"line":34,"column":1}},"6":{"start":{"line":9,"column":12},"end":{"line":9,"column":16}},"7":{"start":{"line":10,"column":2},"end":{"line":31,"column":null}},"8":{"start":{"line":11,"column":4},"end":{"line":11,"column":30}},"9":{"start":{"line":13,"column":4},"end":{"line":13,"column":20}},"10":{"start":{"line":15,"column":21},"end":{"line":15,"column":75}},"11":{"start":{"line":17,"column":4},"end":{"line":20,"column":7}},"12":{"start":{"line":22,"column":4},"end":{"line":28,"column":7}},"13":{"start":{"line":30,"column":5},"end":{"line":30,"column":30}},"14":{"start":{"line":33,"column":2},"end":{"line":33,"column":47}},"15":{"start":{"line":8,"column":13},"end":{"line":8,"column":47}}},"fnMap":{"0":{"name":"(anonymous_1)","decl":{"start":{"line":8,"column":47},"end":{"line":8,"column":52}},"loc":{"start":{"line":8,"column":72},"end":{"line":34,"column":1}}}},"branchMap":{"0":{"loc":{"start":{"line":10,"column":2},"end":{"line":31,"column":null}},"type":"if","locations":[{"start":{"line":10,"column":2},"end":{"line":31,"column":null}},{"start":{"line":10,"column":2},"end":{"line":31,"column":null}}]},"1":{"loc":{"start":{"line":15,"column":42},"end":{"line":15,"column":68}},"type":"binary-expr","locations":[{"start":{"line":15,"column":42},"end":{"line":15,"column":68}},{"start":{"line":15,"column":72},"end":{"line":15,"column":74}}]}},"s":{"0":1,"1":1,"2":1,"3":1,"4":1,"5":1,"6":1,"7":1,"8":0,"9":1,"10":1,"11":1,"12":1,"13":1,"14":1,"15":1},"f":{"0":1},"b":{"0":[0,1],"1":[1,0]}}
,"C:\\Users\\Thomas\\repos\\serverless-schema-registry\\schema-registry\\dynamodb\\mapper.ts": {"path":"C:\\Users\\Thomas\\repos\\serverless-schema-registry\\schema-registry\\dynamodb\\mapper.ts","statementMap":{"0":{"start":{"line":2,"column":0},"end":{"line":2,"column":35}},"1":{"start":{"line":3,"column":0},"end":{"line":3,"column":55}},"2":{"start":{"line":5,"column":15},"end":{"line":5,"column":41}},"3":{"start":{"line":7,"column":12},"end":{"line":14,"column":null}},"4":{"start":{"line":17,"column":15},"end":{"line":17,"column":35}},"5":{"start":{"line":19,"column":13},"end":{"line":21,"column":3}},"6":{"start":{"line":23,"column":13},"end":{"line":23,"column":66}}},"fnMap":{},"branchMap":{"0":{"loc":{"start":{"line":10,"column":6},"end":{"line":10,"column":12}},"type":"binary-expr","locations":[{"start":{"line":10,"column":6},"end":{"line":10,"column":12}},{"start":{"line":10,"column":16},"end":{"line":14,"column":4}}]}},"s":{"0":1,"1":1,"2":1,"3":1,"4":1,"5":1,"6":1},"f":{},"b":{"0":[1,1]}}
,"C:\\Users\\Thomas\\repos\\serverless-schema-registry\\schema-registry\\helpers\\getServiceList.ts": {"path":"C:\\Users\\Thomas\\repos\\serverless-schema-registry\\schema-registry\\helpers\\getServiceList.ts","statementMap":{"0":{"start":{"line":1,"column":0},"end":{"line":1,"column":55}},"1":{"start":{"line":2,"column":0},"end":{"line":2,"column":32}},"2":{"start":{"line":3,"column":0},"end":{"line":3,"column":35}},"3":{"start":{"line":4,"column":0},"end":{"line":4,"column":44}},"4":{"start":{"line":5,"column":0},"end":{"line":5,"column":50}},"5":{"start":{"line":13,"column":30},"end":{"line":33,"column":1}},"6":{"start":{"line":14,"column":25},"end":{"line":17,"column":4}},"7":{"start":{"line":19,"column":33},"end":{"line":19,"column":35}},"8":{"start":{"line":22,"column":2},"end":{"line":30,"column":null}},"9":{"start":{"line":22,"column":62},"end":{"line":22,"column":null}},"10":{"start":{"line":22,"column":58},"end":{"line":22,"column":62}},"11":{"start":{"line":23,"column":19},"end":{"line":23,"column":62}},"12":{"start":{"line":25,"column":4},"end":{"line":29,"column":7}},"13":{"start":{"line":32,"column":2},"end":{"line":32,"column":21}},"14":{"start":{"line":13,"column":13},"end":{"line":13,"column":30}},"15":{"start":{"line":35,"column":36},"end":{"line":39,"column":5}},"16":{"start":{"line":36,"column":2},"end":{"line":39,"column":5}},"17":{"start":{"line":36,"column":54},"end":{"line":36,"column":59}},"18":{"start":{"line":36,"column":63},"end":{"line":36,"column":67}},"19":{"start":{"line":36,"column":70},"end":{"line":39,"column":5}},"20":{"start":{"line":35,"column":13},"end":{"line":35,"column":36}}},"fnMap":{"0":{"name":"(anonymous_8)","decl":{"start":{"line":13,"column":30},"end":{"line":13,"column":35}},"loc":{"start":{"line":13,"column":63},"end":{"line":33,"column":1}}},"1":{"name":"(anonymous_9)","decl":{"start":{"line":35,"column":36},"end":{"line":35,"column":41}},"loc":{"start":{"line":36,"column":2},"end":{"line":39,"column":5}}},"2":{"name":"(anonymous_10)","decl":{"start":{"line":36,"column":45},"end":{"line":36,"column":46}},"loc":{"start":{"line":36,"column":69},"end":{"line":39,"column":5}}}},"branchMap":{},"s":{"0":1,"1":1,"2":1,"3":1,"4":1,"5":1,"6":1,"7":1,"8":1,"9":1,"10":2,"11":2,"12":2,"13":1,"14":1,"15":1,"16":0,"17":0,"18":0,"19":0,"20":1},"f":{"0":1,"1":0,"2":0},"b":{}}
,"C:\\Users\\Thomas\\repos\\serverless-schema-registry\\schema-registry\\models\\Schema.ts": {"path":"C:\\Users\\Thomas\\repos\\serverless-schema-registry\\schema-registry\\models\\Schema.ts","statementMap":{"0":{"start":{"line":1,"column":0},"end":{"line":1,"column":null}},"1":{"start":{"line":7,"column":0},"end":{"line":7,"column":33}},"2":{"start":{"line":10,"column":0},"end":{"line":29,"column":null}},"3":{"start":{"line":27,"column":4},"end":{"line":27,"column":33}},"4":{"start":{"line":12,"column":2},"end":{"line":12,"column":null}},"5":{"start":{"line":15,"column":2},"end":{"line":15,"column":null}},"6":{"start":{"line":18,"column":2},"end":{"line":18,"column":null}},"7":{"start":{"line":21,"column":2},"end":{"line":21,"column":null}},"8":{"start":{"line":24,"column":2},"end":{"line":24,"column":null}},"9":{"start":{"line":10,"column":13},"end":{"line":29,"column":null}},"10":{"start":{"line":10,"column":13},"end":{"line":10,"column":19}},"11":{"start":{"line":31,"column":22},"end":{"line":32,"column":32}},"12":{"start":{"line":32,"column":2},"end":{"line":32,"column":32}},"13":{"start":{"line":31,"column":13},"end":{"line":31,"column":22}},"14":{"start":{"line":34,"column":22},"end":{"line":34,"column":68}},"15":{"start":{"line":34,"column":46},"end":{"line":34,"column":68}},"16":{"start":{"line":34,"column":13},"end":{"line":34,"column":22}},"17":{"start":{"line":36,"column":25},"end":{"line":48,"column":4}},"18":{"start":{"line":42,"column":2},"end":{"line":48,"column":4}},"19":{"start":{"line":36,"column":13},"end":{"line":36,"column":25}}},"fnMap":{"0":{"name":"(anonymous_2)","decl":{"start":{"line":26,"column":2},"end":{"line":26,"column":16}},"loc":{"start":{"line":26,"column":16},"end":{"line":28,"column":3}}},"1":{"name":"(anonymous_3)","decl":{"start":{"line":31,"column":22},"end":{"line":31,"column":23}},"loc":{"start":{"line":32,"column":2},"end":{"line":32,"column":32}}},"2":{"name":"(anonymous_4)","decl":{"start":{"line":34,"column":22},"end":{"line":34,"column":23}},"loc":{"start":{"line":34,"column":46},"end":{"line":34,"column":68}}},"3":{"name":"(anonymous_5)","decl":{"start":{"line":36,"column":25},"end":{"line":36,"column":30}},"loc":{"start":{"line":42,"column":2},"end":{"line":48,"column":4}}}},"branchMap":{"0":{"loc":{"start":{"line":9,"column":7},"end":{"line":9,"column":38}},"type":"binary-expr","locations":[{"start":{"line":9,"column":7},"end":{"line":9,"column":38}},{"start":{"line":9,"column":42},"end":{"line":9,"column":44}}]}},"s":{"0":1,"1":1,"2":1,"3":0,"4":1,"5":1,"6":1,"7":1,"8":1,"9":1,"10":1,"11":1,"12":3,"13":1,"14":1,"15":2,"16":1,"17":1,"18":2,"19":1},"f":{"0":0,"1":3,"2":2,"3":2},"b":{"0":[1,0]}}
}
