TN:
SF:graphql-gateway\gateway.ts
FN:8,(anonymous_1)
FNF:1
FNH:1
FNDA:1,(anonymous_1)
DA:1,1
DA:2,1
DA:3,1
DA:4,1
DA:6,1
DA:8,1
DA:9,1
DA:10,1
DA:11,0
DA:13,1
DA:15,1
DA:17,1
DA:22,1
DA:30,1
DA:33,1
LF:15
LH:14
BRDA:10,0,0,0
BRDA:10,0,1,1
BRDA:15,1,0,1
BRDA:15,1,1,0
BRF:4
BRH:2
end_of_record
TN:
SF:schema-registry\dynamodb\mapper.ts
FNF:0
FNH:0
DA:2,1
DA:3,1
DA:5,1
DA:7,1
DA:17,1
DA:19,1
DA:23,1
LF:7
LH:7
BRDA:10,0,0,1
BRDA:10,0,1,1
BRF:2
BRH:2
end_of_record
TN:
SF:schema-registry\helpers\getServiceList.ts
FN:13,(anonymous_8)
FN:35,(anonymous_9)
FN:36,(anonymous_10)
FNF:3
FNH:1
FNDA:1,(anonymous_8)
FNDA:0,(anonymous_9)
FNDA:0,(anonymous_10)
DA:1,1
DA:2,1
DA:3,1
DA:4,1
DA:5,1
DA:13,1
DA:14,1
DA:19,1
DA:22,2
DA:23,2
DA:25,2
DA:32,1
DA:35,1
DA:36,0
LF:14
LH:13
BRF:0
BRH:0
end_of_record
TN:
SF:schema-registry\models\Schema.ts
FN:26,(anonymous_2)
FN:31,(anonymous_3)
FN:34,(anonymous_4)
FN:36,(anonymous_5)
FNF:4
FNH:3
FNDA:0,(anonymous_2)
FNDA:3,(anonymous_3)
FNDA:2,(anonymous_4)
FNDA:2,(anonymous_5)
DA:1,1
DA:7,1
DA:10,1
DA:12,1
DA:15,1
DA:18,1
DA:21,1
DA:24,1
DA:27,0
DA:31,1
DA:32,3
DA:34,2
DA:36,1
DA:42,2
LF:14
LH:13
BRDA:9,0,0,1
BRDA:9,0,1,0
BRF:2
BRH:1
end_of_record
